<?xml version="1.0" encoding="UTF-8"?>
<testng-results skipped="0" failed="4" total="5" passed="1">
  <reporter-output>
  </reporter-output>
  <suite name="Default suite" duration-ms="188373" started-at="2017-02-18T21:22:49Z" finished-at="2017-02-18T21:25:57Z">
    <groups>
    </groups>
    <test name="Default test" duration-ms="188373" started-at="2017-02-18T21:22:49Z" finished-at="2017-02-18T21:25:57Z">
      <class name="com.sqa.gy.AmazonCartTest1">
        <test-method status="PASS" signature="setUpChrome()[pri:0, instance:com.sqa.gy.AmazonCartTest1@10285172]" name="setUpChrome" is-config="true" duration-ms="3696" started-at="2017-02-18T13:22:49Z" finished-at="2017-02-18T13:22:53Z">
          <reporter-output>
          </reporter-output>
        </test-method> <!-- setUpChrome -->
        <test-method status="PASS" signature="testAddingItemsToCart(int, java.lang.String, int, double)[pri:0, instance:com.sqa.gy.AmazonCartTest1@10285172]" name="testAddingItemsToCart" duration-ms="10252" started-at="2017-02-18T13:22:53Z" data-provider="fromSQL1" finished-at="2017-02-18T13:23:03Z">
          <params>
            <param index="0">
              <value>
                <![CDATA[1]]>
              </value>
            </param>
            <param index="1">
              <value>
                <![CDATA[giant teddy bear valentines day heart]]>
              </value>
            </param>
            <param index="2">
              <value>
                <![CDATA[5]]>
              </value>
            </param>
            <param index="3">
              <value>
                <![CDATA[899.95]]>
              </value>
            </param>
          </params>
          <reporter-output>
          </reporter-output>
        </test-method> <!-- testAddingItemsToCart -->
        <test-method status="PASS" signature="tearDown()[pri:0, instance:com.sqa.gy.AmazonCartTest1@10285172]" name="tearDown" is-config="true" duration-ms="118" started-at="2017-02-18T13:23:03Z" finished-at="2017-02-18T13:23:03Z">
          <reporter-output>
          </reporter-output>
        </test-method> <!-- tearDown -->
        <test-method status="PASS" signature="setUpChrome()[pri:0, instance:com.sqa.gy.AmazonCartTest1@10285172]" name="setUpChrome" is-config="true" duration-ms="2931" started-at="2017-02-18T13:23:03Z" finished-at="2017-02-18T13:23:06Z">
          <reporter-output>
          </reporter-output>
        </test-method> <!-- setUpChrome -->
        <test-method status="FAIL" signature="testAddingItemsToCart(int, java.lang.String, int, double)[pri:0, instance:com.sqa.gy.AmazonCartTest1@10285172]" name="testAddingItemsToCart" duration-ms="73210" started-at="2017-02-18T13:23:06Z" data-provider="fromSQL1" finished-at="2017-02-18T13:24:19Z">
          <params>
            <param index="0">
              <value>
                <![CDATA[2]]>
              </value>
            </param>
            <param index="1">
              <value>
                <![CDATA[diamond earrings ]]>
              </value>
            </param>
            <param index="2">
              <value>
                <![CDATA[25]]>
              </value>
            </param>
            <param index="3">
              <value>
                <![CDATA[3499.75]]>
              </value>
            </param>
          </params>
          <exception class="java.lang.AssertionError">
            <message>
              <![CDATA[expected [3499.75] but found [4749.75]]]>
            </message>
            <full-stacktrace>
              <![CDATA[java.lang.AssertionError: expected [3499.75] but found [4749.75]
	at org.testng.Assert.fail(Assert.java:94)
	at org.testng.Assert.failNotEquals(Assert.java:513)
	at org.testng.Assert.assertEqualsImpl(Assert.java:135)
	at org.testng.Assert.assertEquals(Assert.java:116)
	at org.testng.Assert.assertEquals(Assert.java:179)
	at com.sqa.gy.AmazonCartTest1.testAddingItemsToCart(AmazonCartTest1.java:83)
	at sun.reflect.NativeMethodAccessorImpl.invoke0(Native Method)
	at sun.reflect.NativeMethodAccessorImpl.invoke(NativeMethodAccessorImpl.java:57)
	at sun.reflect.DelegatingMethodAccessorImpl.invoke(DelegatingMethodAccessorImpl.java:43)
	at java.lang.reflect.Method.invoke(Method.java:606)
	at org.testng.internal.MethodInvocationHelper.invokeMethod(MethodInvocationHelper.java:86)
	at org.testng.internal.Invoker.invokeMethod(Invoker.java:643)
	at org.testng.internal.Invoker.invokeTestMethod(Invoker.java:820)
	at org.testng.internal.Invoker.invokeTestMethods(Invoker.java:1128)
	at org.testng.internal.TestMethodWorker.invokeTestMethods(TestMethodWorker.java:129)
	at org.testng.internal.TestMethodWorker.run(TestMethodWorker.java:112)
	at org.testng.TestRunner.privateRun(TestRunner.java:782)
	at org.testng.TestRunner.run(TestRunner.java:632)
	at org.testng.SuiteRunner.runTest(SuiteRunner.java:366)
	at org.testng.SuiteRunner.runSequentially(SuiteRunner.java:361)
	at org.testng.SuiteRunner.privateRun(SuiteRunner.java:319)
	at org.testng.SuiteRunner.run(SuiteRunner.java:268)
	at org.testng.SuiteRunnerWorker.runSuite(SuiteRunnerWorker.java:52)
	at org.testng.SuiteRunnerWorker.run(SuiteRunnerWorker.java:86)
	at org.testng.TestNG.runSuitesSequentially(TestNG.java:1244)
	at org.testng.TestNG.runSuitesLocally(TestNG.java:1169)
	at org.testng.TestNG.run(TestNG.java:1064)
	at org.testng.remote.AbstractRemoteTestNG.run(AbstractRemoteTestNG.java:132)
	at org.testng.remote.RemoteTestNG.initAndRun(RemoteTestNG.java:236)
	at org.testng.remote.RemoteTestNG.main(RemoteTestNG.java:81)
]]>
            </full-stacktrace>
          </exception> <!-- java.lang.AssertionError -->
          <reporter-output>
          </reporter-output>
        </test-method> <!-- testAddingItemsToCart -->
        <test-method status="PASS" signature="tearDown()[pri:0, instance:com.sqa.gy.AmazonCartTest1@10285172]" name="tearDown" is-config="true" duration-ms="126" started-at="2017-02-18T13:24:19Z" finished-at="2017-02-18T13:24:19Z">
          <reporter-output>
          </reporter-output>
        </test-method> <!-- tearDown -->
        <test-method status="PASS" signature="setUpChrome()[pri:0, instance:com.sqa.gy.AmazonCartTest1@10285172]" name="setUpChrome" is-config="true" duration-ms="3182" started-at="2017-02-18T13:24:19Z" finished-at="2017-02-18T13:24:22Z">
          <reporter-output>
          </reporter-output>
        </test-method> <!-- setUpChrome -->
        <test-method status="FAIL" signature="testAddingItemsToCart(int, java.lang.String, int, double)[pri:0, instance:com.sqa.gy.AmazonCartTest1@10285172]" name="testAddingItemsToCart" duration-ms="39318" started-at="2017-02-18T13:24:22Z" data-provider="fromSQL1" finished-at="2017-02-18T13:25:02Z">
          <params>
            <param index="0">
              <value>
                <![CDATA[3]]>
              </value>
            </param>
            <param index="1">
              <value>
                <![CDATA[heart shaped ice tray]]>
              </value>
            </param>
            <param index="2">
              <value>
                <![CDATA[3]]>
              </value>
            </param>
            <param index="3">
              <value>
                <![CDATA[19.17]]>
              </value>
            </param>
          </params>
          <exception class="java.lang.AssertionError">
            <message>
              <![CDATA[expected [19.17] but found [19.11]]]>
            </message>
            <full-stacktrace>
              <![CDATA[java.lang.AssertionError: expected [19.17] but found [19.11]
	at org.testng.Assert.fail(Assert.java:94)
	at org.testng.Assert.failNotEquals(Assert.java:513)
	at org.testng.Assert.assertEqualsImpl(Assert.java:135)
	at org.testng.Assert.assertEquals(Assert.java:116)
	at org.testng.Assert.assertEquals(Assert.java:179)
	at com.sqa.gy.AmazonCartTest1.testAddingItemsToCart(AmazonCartTest1.java:83)
	at sun.reflect.NativeMethodAccessorImpl.invoke0(Native Method)
	at sun.reflect.NativeMethodAccessorImpl.invoke(NativeMethodAccessorImpl.java:57)
	at sun.reflect.DelegatingMethodAccessorImpl.invoke(DelegatingMethodAccessorImpl.java:43)
	at java.lang.reflect.Method.invoke(Method.java:606)
	at org.testng.internal.MethodInvocationHelper.invokeMethod(MethodInvocationHelper.java:86)
	at org.testng.internal.Invoker.invokeMethod(Invoker.java:643)
	at org.testng.internal.Invoker.invokeTestMethod(Invoker.java:820)
	at org.testng.internal.Invoker.invokeTestMethods(Invoker.java:1128)
	at org.testng.internal.TestMethodWorker.invokeTestMethods(TestMethodWorker.java:129)
	at org.testng.internal.TestMethodWorker.run(TestMethodWorker.java:112)
	at org.testng.TestRunner.privateRun(TestRunner.java:782)
	at org.testng.TestRunner.run(TestRunner.java:632)
	at org.testng.SuiteRunner.runTest(SuiteRunner.java:366)
	at org.testng.SuiteRunner.runSequentially(SuiteRunner.java:361)
	at org.testng.SuiteRunner.privateRun(SuiteRunner.java:319)
	at org.testng.SuiteRunner.run(SuiteRunner.java:268)
	at org.testng.SuiteRunnerWorker.runSuite(SuiteRunnerWorker.java:52)
	at org.testng.SuiteRunnerWorker.run(SuiteRunnerWorker.java:86)
	at org.testng.TestNG.runSuitesSequentially(TestNG.java:1244)
	at org.testng.TestNG.runSuitesLocally(TestNG.java:1169)
	at org.testng.TestNG.run(TestNG.java:1064)
	at org.testng.remote.AbstractRemoteTestNG.run(AbstractRemoteTestNG.java:132)
	at org.testng.remote.RemoteTestNG.initAndRun(RemoteTestNG.java:236)
	at org.testng.remote.RemoteTestNG.main(RemoteTestNG.java:81)
]]>
            </full-stacktrace>
          </exception> <!-- java.lang.AssertionError -->
          <reporter-output>
          </reporter-output>
        </test-method> <!-- testAddingItemsToCart -->
        <test-method status="PASS" signature="tearDown()[pri:0, instance:com.sqa.gy.AmazonCartTest1@10285172]" name="tearDown" is-config="true" duration-ms="114" started-at="2017-02-18T13:25:02Z" finished-at="2017-02-18T13:25:02Z">
          <reporter-output>
          </reporter-output>
        </test-method> <!-- tearDown -->
        <test-method status="PASS" signature="setUpChrome()[pri:0, instance:com.sqa.gy.AmazonCartTest1@10285172]" name="setUpChrome" is-config="true" duration-ms="2811" started-at="2017-02-18T13:25:02Z" finished-at="2017-02-18T13:25:05Z">
          <reporter-output>
          </reporter-output>
        </test-method> <!-- setUpChrome -->
        <test-method status="FAIL" signature="testAddingItemsToCart(int, java.lang.String, int, double)[pri:0, instance:com.sqa.gy.AmazonCartTest1@10285172]" name="testAddingItemsToCart" duration-ms="41348" started-at="2017-02-18T13:25:05Z" data-provider="fromSQL1" finished-at="2017-02-18T13:25:46Z">
          <params>
            <param index="0">
              <value>
                <![CDATA[4]]>
              </value>
            </param>
            <param index="1">
              <value>
                <![CDATA[chocolate covered strawberries boxes]]>
              </value>
            </param>
            <param index="2">
              <value>
                <![CDATA[1]]>
              </value>
            </param>
            <param index="3">
              <value>
                <![CDATA[29.95]]>
              </value>
            </param>
          </params>
          <exception class="java.lang.AssertionError">
            <message>
              <![CDATA[expected [29.95] but found [18.0]]]>
            </message>
            <full-stacktrace>
              <![CDATA[java.lang.AssertionError: expected [29.95] but found [18.0]
	at org.testng.Assert.fail(Assert.java:94)
	at org.testng.Assert.failNotEquals(Assert.java:513)
	at org.testng.Assert.assertEqualsImpl(Assert.java:135)
	at org.testng.Assert.assertEquals(Assert.java:116)
	at org.testng.Assert.assertEquals(Assert.java:179)
	at com.sqa.gy.AmazonCartTest1.testAddingItemsToCart(AmazonCartTest1.java:83)
	at sun.reflect.NativeMethodAccessorImpl.invoke0(Native Method)
	at sun.reflect.NativeMethodAccessorImpl.invoke(NativeMethodAccessorImpl.java:57)
	at sun.reflect.DelegatingMethodAccessorImpl.invoke(DelegatingMethodAccessorImpl.java:43)
	at java.lang.reflect.Method.invoke(Method.java:606)
	at org.testng.internal.MethodInvocationHelper.invokeMethod(MethodInvocationHelper.java:86)
	at org.testng.internal.Invoker.invokeMethod(Invoker.java:643)
	at org.testng.internal.Invoker.invokeTestMethod(Invoker.java:820)
	at org.testng.internal.Invoker.invokeTestMethods(Invoker.java:1128)
	at org.testng.internal.TestMethodWorker.invokeTestMethods(TestMethodWorker.java:129)
	at org.testng.internal.TestMethodWorker.run(TestMethodWorker.java:112)
	at org.testng.TestRunner.privateRun(TestRunner.java:782)
	at org.testng.TestRunner.run(TestRunner.java:632)
	at org.testng.SuiteRunner.runTest(SuiteRunner.java:366)
	at org.testng.SuiteRunner.runSequentially(SuiteRunner.java:361)
	at org.testng.SuiteRunner.privateRun(SuiteRunner.java:319)
	at org.testng.SuiteRunner.run(SuiteRunner.java:268)
	at org.testng.SuiteRunnerWorker.runSuite(SuiteRunnerWorker.java:52)
	at org.testng.SuiteRunnerWorker.run(SuiteRunnerWorker.java:86)
	at org.testng.TestNG.runSuitesSequentially(TestNG.java:1244)
	at org.testng.TestNG.runSuitesLocally(TestNG.java:1169)
	at org.testng.TestNG.run(TestNG.java:1064)
	at org.testng.remote.AbstractRemoteTestNG.run(AbstractRemoteTestNG.java:132)
	at org.testng.remote.RemoteTestNG.initAndRun(RemoteTestNG.java:236)
	at org.testng.remote.RemoteTestNG.main(RemoteTestNG.java:81)
]]>
            </full-stacktrace>
          </exception> <!-- java.lang.AssertionError -->
          <reporter-output>
          </reporter-output>
        </test-method> <!-- testAddingItemsToCart -->
        <test-method status="PASS" signature="tearDown()[pri:0, instance:com.sqa.gy.AmazonCartTest1@10285172]" name="tearDown" is-config="true" duration-ms="113" started-at="2017-02-18T13:25:46Z" finished-at="2017-02-18T13:25:46Z">
          <reporter-output>
          </reporter-output>
        </test-method> <!-- tearDown -->
        <test-method status="PASS" signature="setUpChrome()[pri:0, instance:com.sqa.gy.AmazonCartTest1@10285172]" name="setUpChrome" is-config="true" duration-ms="3276" started-at="2017-02-18T13:25:46Z" finished-at="2017-02-18T13:25:49Z">
          <reporter-output>
          </reporter-output>
        </test-method> <!-- setUpChrome -->
        <test-method status="FAIL" signature="testAddingItemsToCart(int, java.lang.String, int, double)[pri:0, instance:com.sqa.gy.AmazonCartTest1@10285172]" name="testAddingItemsToCart" duration-ms="7445" started-at="2017-02-18T13:25:49Z" data-provider="fromSQL1" finished-at="2017-02-18T13:25:57Z">
          <params>
            <param index="0">
              <value>
                <![CDATA[5]]>
              </value>
            </param>
            <param index="1">
              <value>
                <![CDATA[i love you pillowcase]]>
              </value>
            </param>
            <param index="2">
              <value>
                <![CDATA[2]]>
              </value>
            </param>
            <param index="3">
              <value>
                <![CDATA[21.0]]>
              </value>
            </param>
          </params>
          <exception class="java.lang.AssertionError">
            <message>
              <![CDATA[expected [21.0] but found [20.4]]]>
            </message>
            <full-stacktrace>
              <![CDATA[java.lang.AssertionError: expected [21.0] but found [20.4]
	at org.testng.Assert.fail(Assert.java:94)
	at org.testng.Assert.failNotEquals(Assert.java:513)
	at org.testng.Assert.assertEqualsImpl(Assert.java:135)
	at org.testng.Assert.assertEquals(Assert.java:116)
	at org.testng.Assert.assertEquals(Assert.java:179)
	at com.sqa.gy.AmazonCartTest1.testAddingItemsToCart(AmazonCartTest1.java:83)
	at sun.reflect.NativeMethodAccessorImpl.invoke0(Native Method)
	at sun.reflect.NativeMethodAccessorImpl.invoke(NativeMethodAccessorImpl.java:57)
	at sun.reflect.DelegatingMethodAccessorImpl.invoke(DelegatingMethodAccessorImpl.java:43)
	at java.lang.reflect.Method.invoke(Method.java:606)
	at org.testng.internal.MethodInvocationHelper.invokeMethod(MethodInvocationHelper.java:86)
	at org.testng.internal.Invoker.invokeMethod(Invoker.java:643)
	at org.testng.internal.Invoker.invokeTestMethod(Invoker.java:820)
	at org.testng.internal.Invoker.invokeTestMethods(Invoker.java:1128)
	at org.testng.internal.TestMethodWorker.invokeTestMethods(TestMethodWorker.java:129)
	at org.testng.internal.TestMethodWorker.run(TestMethodWorker.java:112)
	at org.testng.TestRunner.privateRun(TestRunner.java:782)
	at org.testng.TestRunner.run(TestRunner.java:632)
	at org.testng.SuiteRunner.runTest(SuiteRunner.java:366)
	at org.testng.SuiteRunner.runSequentially(SuiteRunner.java:361)
	at org.testng.SuiteRunner.privateRun(SuiteRunner.java:319)
	at org.testng.SuiteRunner.run(SuiteRunner.java:268)
	at org.testng.SuiteRunnerWorker.runSuite(SuiteRunnerWorker.java:52)
	at org.testng.SuiteRunnerWorker.run(SuiteRunnerWorker.java:86)
	at org.testng.TestNG.runSuitesSequentially(TestNG.java:1244)
	at org.testng.TestNG.runSuitesLocally(TestNG.java:1169)
	at org.testng.TestNG.run(TestNG.java:1064)
	at org.testng.remote.AbstractRemoteTestNG.run(AbstractRemoteTestNG.java:132)
	at org.testng.remote.RemoteTestNG.initAndRun(RemoteTestNG.java:236)
	at org.testng.remote.RemoteTestNG.main(RemoteTestNG.java:81)
]]>
            </full-stacktrace>
          </exception> <!-- java.lang.AssertionError -->
          <reporter-output>
          </reporter-output>
        </test-method> <!-- testAddingItemsToCart -->
        <test-method status="PASS" signature="tearDown()[pri:0, instance:com.sqa.gy.AmazonCartTest1@10285172]" name="tearDown" is-config="true" duration-ms="110" started-at="2017-02-18T13:25:57Z" finished-at="2017-02-18T13:25:57Z">
          <reporter-output>
          </reporter-output>
        </test-method> <!-- tearDown -->
      </class> <!-- com.sqa.gy.AmazonCartTest1 -->
    </test> <!-- Default test -->
  </suite> <!-- Default suite -->
</testng-results>
